<?xml version="1.0" encoding="UTF-8"?>
<!-- Generated by org.testng.reporters.JUnitReportReporter -->
<testsuite skipped="0" hostname="LAPTOP-TJIP6JUR" name="assignments.CasesTest" tests="1" failures="0" timestamp="2021-04-10T13:49:51 IST" time="20.140" errors="0">
  <testcase name="assignment1" time="20.140" classname="assignments.CasesTest"/>
  <system-out/>
</testsuite> <!-- assignments.CasesTest -->
