<?xml version="1.0" encoding="UTF-8"?>
<!-- Generated by org.testng.reporters.JUnitReportReporter -->
<testsuite skipped="0" hostname="LAPTOP-TJIP6JUR" name="pack.FirstTest" tests="1" failures="0" timestamp="2021-04-04T12:14:38 IST" time="16.473" errors="0">
  <testcase name="assignment1" time="16.473" classname="pack.FirstTest"/>
  <system-out/>
</testsuite> <!-- pack.FirstTest -->
