<?xml version="1.0" encoding="UTF-8"?>
<!-- Generated by org.testng.reporters.JUnitReportReporter -->
<testsuite skipped="0" hostname="LAPTOP-TJIP6JUR" name="assignments.NewTest" tests="1" failures="0" timestamp="2021-04-09T22:15:57 IST" time="109.882" errors="0">
  <testcase name="assignment1" time="109.882" classname="assignments.NewTest"/>
  <system-out/>
</testsuite> <!-- assignments.NewTest -->
