<?xml version="1.0" encoding="UTF-8"?>
<!-- Generated by org.testng.reporters.JUnitReportReporter -->
<testsuite skipped="0" hostname="LAPTOP-TJIP6JUR" name="pack.UiAutomatorTest" tests="1" failures="0" timestamp="2021-02-08T11:39:17 IST" time="26.670" errors="0">
  <testcase name="assignment2" time="26.670" classname="pack.UiAutomatorTest"/>
  <system-out/>
</testsuite> <!-- pack.UiAutomatorTest -->
