<?xml version="1.0" encoding="UTF-8"?>
<!-- Generated by org.testng.reporters.JUnitReportReporter -->
<testsuite skipped="0" hostname="LAPTOP-TJIP6JUR" name="pack.AdvancedGestures" tests="1" failures="0" timestamp="2021-02-01T15:25:59 IST" time="19.844" errors="0">
  <testcase name="assignment3" time="19.844" classname="pack.AdvancedGestures"/>
  <system-out/>
</testsuite> <!-- pack.AdvancedGestures -->
